\BOOKMARK [1][-]{section.1}{\376\377\000A\000n\000a\000l\000y\000s\000e\000\040\000d\000u\000\040\000j\000e\000u\000\040\000d\000e\000\040\000d\000o\000n\000n\000\351\000e\000s}{}% 1
\BOOKMARK [2][-]{subsection.1.1}{\376\377\000D\000e\000s\000c\000r\000i\000p\000t\000i\000o\000n\000\040\000d\000e\000s\000\040\000v\000a\000r\000i\000a\000b\000l\000e\000s}{section.1}% 2
\BOOKMARK [2][-]{subsection.1.2}{\376\377\000S\000t\000a\000t\000i\000s\000t\000i\000q\000u\000e\000s\000\040\000u\000n\000i\000v\000a\000r\000i\000\351\000s}{section.1}% 3
\BOOKMARK [2][-]{subsection.1.3}{\376\377\000S\000t\000a\000t\000i\000s\000t\000i\000q\000u\000e\000s\000\040\000b\000i\000v\000a\000r\000i\000\351\000e\000s}{section.1}% 4
\BOOKMARK [2][-]{subsection.1.4}{\376\377\000T\000e\000s\000t\000s\000\040\000d\000'\000h\000y\000p\000o\000t\000h\000\350\000s\000e\000s}{section.1}% 5
\BOOKMARK [3][-]{subsubsection.1.4.1}{\376\377\000T\000e\000s\000t\000\040\000d\000e\000\040\000S\000t\000u\000d\000e\000n\000t}{subsection.1.4}% 6
\BOOKMARK [3][-]{subsubsection.1.4.2}{\376\377\000T\000e\000s\000t\000\040\000d\000u\000\040\000c\000h\000i\0002}{subsection.1.4}% 7
\BOOKMARK [2][-]{subsection.1.5}{\376\377\000B\000i\000l\000a\000n\000\040\000d\000e\000\040\000l\000'\000a\000n\000a\000l\000y\000s\000e}{section.1}% 8
\BOOKMARK [1][-]{section.2}{\376\377\000C\000l\000a\000s\000s\000i\000f\000i\000c\000a\000t\000i\000o\000n}{}% 9
\BOOKMARK [2][-]{subsection.2.1}{\376\377\000P\000r\000e\000p\000r\000o\000c\000e\000s\000s\000i\000n\000g}{section.2}% 10
\BOOKMARK [2][-]{subsection.2.2}{\376\377\000P\000r\000o\000c\000\351\000d\000u\000r\000e\000\040\000d\000'\000\351\000v\000a\000l\000u\000a\000t\000i\000o\000n}{section.2}% 11
\BOOKMARK [2][-]{subsection.2.3}{\376\377\000M\000o\000d\000\351\000l\000i\000s\000a\000t\000i\000o\000n}{section.2}% 12
\BOOKMARK [2][-]{subsection.2.4}{\376\377\000O\000p\000t\000i\000m\000i\000s\000a\000t\000i\000o\000n}{section.2}% 13
\BOOKMARK [3][-]{subsubsection.2.4.1}{\376\377\000F\000e\000a\000t\000u\000r\000e\000\040\000e\000n\000g\000i\000n\000e\000e\000r\000i\000n\000g}{subsection.2.4}% 14
\BOOKMARK [3][-]{subsubsection.2.4.2}{\376\377\000B\000i\000l\000a\000n}{subsection.2.4}% 15
\BOOKMARK [2][-]{subsection.2.5}{\376\377\000H\000y\000p\000e\000r\000-\000p\000a\000r\000a\000m\000\350\000t\000r\000e\000s}{section.2}% 16
\BOOKMARK [3][-]{subsubsection.2.5.1}{\376\377\000R\000a\000n\000d\000o\000m\000F\000o\000r\000e\000s\000t}{subsection.2.5}% 17
\BOOKMARK [3][-]{subsubsection.2.5.2}{\376\377\000G\000B\000C\000l\000a\000s\000s\000i\000f\000i\000e\000r}{subsection.2.5}% 18
\BOOKMARK [3][-]{subsubsection.2.5.3}{\376\377\000K\000N\000N}{subsection.2.5}% 19
\BOOKMARK [2][-]{subsection.2.6}{\376\377\000P\000r\000e\000c\000i\000s\000i\000o\000n\000\040\000R\000e\000c\000a\000l\000l\000\040\000C\000u\000r\000v\000e}{section.2}% 20
\BOOKMARK [2][-]{subsection.2.7}{\376\377\000B\000i\000l\000a\000n\000\040\000d\000e\000\040\000l\000a\000\040\000c\000l\000a\000s\000s\000i\000f\000i\000c\000a\000t\000i\000o\000n}{section.2}% 21
